<?xml version="1.0" encoding="UTF-8"?>
<testng-results ignored="0" total="1" passed="1" failed="0" skipped="0">
  <reporter-output>
  </reporter-output>
  <suite started-at="2021-01-22T18:06:56 IST" name="Default suite" finished-at="2021-01-22T18:07:09 IST" duration-ms="13705">
    <groups>
    </groups>
    <test started-at="2021-01-22T18:06:56 IST" name="Default test" finished-at="2021-01-22T18:07:09 IST" duration-ms="13705">
      <class name="com.testscenarios.FB_LOGIN">
        <test-method signature="loginWithInvaliCredentials()[pri:0, instance:com.testscenarios.FB_LOGIN@1fb700ee]" started-at="2021-01-22T18:06:56 IST" name="loginWithInvaliCredentials" finished-at="2021-01-22T18:07:09 IST" duration-ms="13672" status="PASS">
          <reporter-output>
          </reporter-output>
        </test-method> <!-- loginWithInvaliCredentials -->
      </class> <!-- com.testscenarios.FB_LOGIN -->
    </test> <!-- Default test -->
  </suite> <!-- Default suite -->
</testng-results>
